This is pdfTeX, Version 3.1415926-1.40.10 (TeX Live 2009/Debian) (format=pdflatex 2010.11.17)  9 DEC 2010 20:11
entering extended mode
 restricted \write18 enabled.
 %&-line parsing enabled.
**\input finalproj_6830.tex
(./finalproj_6830.tex (/usr/share/texmf-texlive/tex/latex/base/article.cls
Document Class: article 2007/10/19 v1.4h Standard LaTeX document class
(/usr/share/texmf-texlive/tex/latex/base/size11.clo
File: size11.clo 2007/10/19 v1.4h Standard LaTeX file (size option)
)
\c@part=\count79
\c@section=\count80
\c@subsection=\count81
\c@subsubsection=\count82
\c@paragraph=\count83
\c@subparagraph=\count84
\c@figure=\count85
\c@table=\count86
\abovecaptionskip=\skip41
\belowcaptionskip=\skip42
\bibindent=\dimen102
)
(/usr/share/texmf-texlive/tex/latex/amsmath/amsmath.sty
Package: amsmath 2000/07/18 v2.13 AMS math features
\@mathmargin=\skip43

For additional information on amsmath, use the `?' option.
(/usr/share/texmf-texlive/tex/latex/amsmath/amstext.sty
Package: amstext 2000/06/29 v2.01

(/usr/share/texmf-texlive/tex/latex/amsmath/amsgen.sty
File: amsgen.sty 1999/11/30 v2.0
\@emptytoks=\toks14
\ex@=\dimen103
))
(/usr/share/texmf-texlive/tex/latex/amsmath/amsbsy.sty
Package: amsbsy 1999/11/29 v1.2d
\pmbraise@=\dimen104
)
(/usr/share/texmf-texlive/tex/latex/amsmath/amsopn.sty
Package: amsopn 1999/12/14 v2.01 operator names
)
\inf@bad=\count87
LaTeX Info: Redefining \frac on input line 211.
\uproot@=\count88
\leftroot@=\count89
LaTeX Info: Redefining \overline on input line 307.
\classnum@=\count90
\DOTSCASE@=\count91
LaTeX Info: Redefining \ldots on input line 379.
LaTeX Info: Redefining \dots on input line 382.
LaTeX Info: Redefining \cdots on input line 467.
\Mathstrutbox@=\box26
\strutbox@=\box27
\big@size=\dimen105
LaTeX Font Info:    Redeclaring font encoding OML on input line 567.
LaTeX Font Info:    Redeclaring font encoding OMS on input line 568.
\macc@depth=\count92
\c@MaxMatrixCols=\count93
\dotsspace@=\muskip10
\c@parentequation=\count94
\dspbrk@lvl=\count95
\tag@help=\toks15
\row@=\count96
\column@=\count97
\maxfields@=\count98
\andhelp@=\toks16
\eqnshift@=\dimen106
\alignsep@=\dimen107
\tagshift@=\dimen108
\tagwidth@=\dimen109
\totwidth@=\dimen110
\lineht@=\dimen111
\@envbody=\toks17
\multlinegap=\skip44
\multlinetaggap=\skip45
\mathdisplay@stack=\toks18
LaTeX Info: Redefining \[ on input line 2666.
LaTeX Info: Redefining \] on input line 2667.
)
(/usr/share/texmf-texlive/tex/latex/amscls/amsthm.sty
Package: amsthm 2004/08/06 v2.20
\thm@style=\toks19
\thm@bodyfont=\toks20
\thm@headfont=\toks21
\thm@notefont=\toks22
\thm@headpunct=\toks23
\thm@preskip=\skip46
\thm@postskip=\skip47
\thm@headsep=\skip48
\dth@everypar=\toks24
)
(/usr/share/texmf-texlive/tex/latex/amsfonts/amssymb.sty
Package: amssymb 2009/06/22 v3.00

(/usr/share/texmf-texlive/tex/latex/amsfonts/amsfonts.sty
Package: amsfonts 2009/06/22 v3.00 Basic AMSFonts support
\symAMSa=\mathgroup4
\symAMSb=\mathgroup5
LaTeX Font Info:    Overwriting math alphabet `\mathfrak' in version `bold'
(Font)                  U/euf/m/n --> U/euf/b/n on input line 96.
))
(/usr/share/texmf-texlive/tex/latex/graphics/graphicx.sty
Package: graphicx 1999/02/16 v1.0f Enhanced LaTeX Graphics (DPC,SPQR)

(/usr/share/texmf-texlive/tex/latex/graphics/keyval.sty
Package: keyval 1999/03/16 v1.13 key=value parser (DPC)
\KV@toks@=\toks25
)
(/usr/share/texmf-texlive/tex/latex/graphics/graphics.sty
Package: graphics 2009/02/05 v1.0o Standard LaTeX Graphics (DPC,SPQR)

(/usr/share/texmf-texlive/tex/latex/graphics/trig.sty
Package: trig 1999/03/16 v1.09 sin cos tan (DPC)
)
(/etc/texmf/tex/latex/config/graphics.cfg
File: graphics.cfg 2009/08/28 v1.8 graphics configuration of TeX Live
)
Package graphics Info: Driver file: pdftex.def on input line 91.

(/usr/share/texmf-texlive/tex/latex/pdftex-def/pdftex.def
File: pdftex.def 2009/08/25 v0.04m Graphics/color for pdfTeX
\Gread@gobject=\count99
))
\Gin@req@height=\dimen112
\Gin@req@width=\dimen113
)
(/usr/share/texmf-texlive/tex/latex/psnfss/palatino.sty
Package: palatino 2005/04/12 PSNFSS-v9.2a (SPQR) 
)
(/usr/share/texmf/tex/latex/pgf/frontendlayer/tikz.sty
(/usr/share/texmf/tex/latex/pgf/basiclayer/pgf.sty
(/usr/share/texmf/tex/latex/pgf/utilities/pgfrcs.sty
(/usr/share/texmf/tex/generic/pgf/utilities/pgfutil-common.tex
\pgfutil@everybye=\toks26
)
(/usr/share/texmf/tex/generic/pgf/utilities/pgfutil-latex.def)
(/usr/share/texmf/tex/generic/pgf/utilities/pgfrcs.code.tex
Package: pgfrcs 2008/02/20 v2.00 (rcs-revision 1.21)
))
Package: pgf 2008/01/15 v2.00 (rcs-revision 1.12)

(/usr/share/texmf/tex/latex/pgf/basiclayer/pgfcore.sty
(/usr/share/texmf/tex/latex/pgf/systemlayer/pgfsys.sty
(/usr/share/texmf/tex/generic/pgf/systemlayer/pgfsys.code.tex
Package: pgfsys 2008/02/07 v2.00 (rcs-revision 1.31)

(/usr/share/texmf/tex/generic/pgf/utilities/pgfkeys.code.tex
\pgfkeys@pathtoks=\toks27
\pgfkeys@temptoks=\toks28
)
\pgf@x=\dimen114
\pgf@y=\dimen115
\pgf@xa=\dimen116
\pgf@ya=\dimen117
\pgf@xb=\dimen118
\pgf@yb=\dimen119
\pgf@xc=\dimen120
\pgf@yc=\dimen121
\c@pgf@counta=\count100
\c@pgf@countb=\count101
\c@pgf@countc=\count102
\c@pgf@countd=\count103

(/usr/share/texmf/tex/generic/pgf/systemlayer/pgf.cfg
File: pgf.cfg 2008/01/13  (rcs-revision 1.6)
)
Package pgfsys Info: Driver file for pgf: pgfsys-pdftex.def on input line 885.

(/usr/share/texmf/tex/generic/pgf/systemlayer/pgfsys-pdftex.def
File: pgfsys-pdftex.def 2007/12/20  (rcs-revision 1.20)

(/usr/share/texmf/tex/generic/pgf/systemlayer/pgfsys-common-pdf.def
File: pgfsys-common-pdf.def 2007/12/17  (rcs-revision 1.8)
)))
(/usr/share/texmf/tex/generic/pgf/systemlayer/pgfsyssoftpath.code.tex
File: pgfsyssoftpath.code.tex 2008/01/23  (rcs-revision 1.6)
\pgfsyssoftpath@smallbuffer@items=\count104
\pgfsyssoftpath@bigbuffer@items=\count105
)
(/usr/share/texmf/tex/generic/pgf/systemlayer/pgfsysprotocol.code.tex
File: pgfsysprotocol.code.tex 2006/10/16  (rcs-revision 1.4)
))
(/usr/share/texmf/tex/latex/xcolor/xcolor.sty
Package: xcolor 2007/01/21 v2.11 LaTeX color extensions (UK)

(/etc/texmf/tex/latex/config/color.cfg
File: color.cfg 2007/01/18 v1.5 color configuration of teTeX/TeXLive
)
Package xcolor Info: Driver file: pdftex.def on input line 225.
Package xcolor Info: Model `cmy' substituted by `cmy0' on input line 1337.
Package xcolor Info: Model `hsb' substituted by `rgb' on input line 1341.
Package xcolor Info: Model `RGB' extended on input line 1353.
Package xcolor Info: Model `HTML' substituted by `rgb' on input line 1355.
Package xcolor Info: Model `Hsb' substituted by `hsb' on input line 1356.
Package xcolor Info: Model `tHsb' substituted by `hsb' on input line 1357.
Package xcolor Info: Model `HSB' substituted by `hsb' on input line 1358.
Package xcolor Info: Model `Gray' substituted by `gray' on input line 1359.
Package xcolor Info: Model `wave' substituted by `hsb' on input line 1360.
)
(/usr/share/texmf/tex/generic/pgf/basiclayer/pgfcore.code.tex
Package: pgfcore 2008/01/15 v2.00 (rcs-revision 1.6)

(/usr/share/texmf/tex/generic/pgf/math/pgfmath.code.tex
(/usr/share/texmf/tex/generic/pgf/math/pgfmathcalc.code.tex
(/usr/share/texmf/tex/generic/pgf/math/pgfmathutil.code.tex
\pgfmath@box=\box28
)
(/usr/share/texmf/tex/generic/pgf/math/pgfmathparser.code.tex
\pgfmath@stack=\toks29
\c@pgfmath@parsecounta=\count106
\c@pgfmath@parsecountb=\count107
\c@pgfmath@parsecountc=\count108
\pgfmath@parsex=\dimen122
)
(/usr/share/texmf/tex/generic/pgf/math/pgfmathoperations.code.tex
(/usr/share/texmf/tex/generic/pgf/math/pgfmathtrig.code.tex)
(/usr/share/texmf/tex/generic/pgf/math/pgfmathrnd.code.tex))
(/usr/share/texmf/tex/generic/pgf/math/pgfmathbase.code.tex)))
(/usr/share/texmf/tex/generic/pgf/basiclayer/pgfcorepoints.code.tex
File: pgfcorepoints.code.tex 2008/02/03  (rcs-revision 1.13)
\pgf@picminx=\dimen123
\pgf@picmaxx=\dimen124
\pgf@picminy=\dimen125
\pgf@picmaxy=\dimen126
\pgf@pathminx=\dimen127
\pgf@pathmaxx=\dimen128
\pgf@pathminy=\dimen129
\pgf@pathmaxy=\dimen130
\pgf@xx=\dimen131
\pgf@xy=\dimen132
\pgf@yx=\dimen133
\pgf@yy=\dimen134
\pgf@zx=\dimen135
\pgf@zy=\dimen136
)
(/usr/share/texmf/tex/generic/pgf/basiclayer/pgfcorepathconstruct.code.tex
File: pgfcorepathconstruct.code.tex 2008/02/13  (rcs-revision 1.14)
\pgf@path@lastx=\dimen137
\pgf@path@lasty=\dimen138
)
(/usr/share/texmf/tex/generic/pgf/basiclayer/pgfcorepathusage.code.tex
File: pgfcorepathusage.code.tex 2008/01/23  (rcs-revision 1.11)
\pgf@shorten@end@additional=\dimen139
\pgf@shorten@start@additional=\dimen140
)
(/usr/share/texmf/tex/generic/pgf/basiclayer/pgfcorescopes.code.tex
File: pgfcorescopes.code.tex 2008/01/15  (rcs-revision 1.26)
\pgfpic=\box29
\pgf@hbox=\box30
\pgf@layerbox@main=\box31
\pgf@picture@serial@count=\count109
)
(/usr/share/texmf/tex/generic/pgf/basiclayer/pgfcoregraphicstate.code.tex
File: pgfcoregraphicstate.code.tex 2007/12/12  (rcs-revision 1.8)
\pgflinewidth=\dimen141
)
(/usr/share/texmf/tex/generic/pgf/basiclayer/pgfcoretransformations.code.tex
File: pgfcoretransformations.code.tex 2008/02/04  (rcs-revision 1.10)
\pgf@pt@x=\dimen142
\pgf@pt@y=\dimen143
\pgf@pt@temp=\dimen144
)
(/usr/share/texmf/tex/generic/pgf/basiclayer/pgfcorequick.code.tex
File: pgfcorequick.code.tex 2006/10/11  (rcs-revision 1.2)
)
(/usr/share/texmf/tex/generic/pgf/basiclayer/pgfcoreobjects.code.tex
File: pgfcoreobjects.code.tex 2006/10/11  (rcs-revision 1.2)
)
(/usr/share/texmf/tex/generic/pgf/basiclayer/pgfcorepathprocessing.code.tex
File: pgfcorepathprocessing.code.tex 2008/01/23  (rcs-revision 1.7)
)
(/usr/share/texmf/tex/generic/pgf/basiclayer/pgfcorearrows.code.tex
File: pgfcorearrows.code.tex 2007/06/07  (rcs-revision 1.8)
)
(/usr/share/texmf/tex/generic/pgf/basiclayer/pgfcoreshade.code.tex
File: pgfcoreshade.code.tex 2007/12/10  (rcs-revision 1.9)
\pgf@max=\dimen145
\pgf@sys@shading@range@num=\count110
)
(/usr/share/texmf/tex/generic/pgf/basiclayer/pgfcoreimage.code.tex
File: pgfcoreimage.code.tex 2008/01/15  (rcs-revision 1.1)
\pgfexternal@startupbox=\box32
)
(/usr/share/texmf/tex/generic/pgf/basiclayer/pgfcorelayers.code.tex
File: pgfcorelayers.code.tex 2008/01/15  (rcs-revision 1.1)
)
(/usr/share/texmf/tex/generic/pgf/basiclayer/pgfcoretransparency.code.tex
File: pgfcoretransparency.code.tex 2008/01/17  (rcs-revision 1.2)
)
(/usr/share/texmf/tex/generic/pgf/basiclayer/pgfcorepatterns.code.tex
File: pgfcorepatterns.code.tex 2008/01/15  (rcs-revision 1.1)
)))
(/usr/share/texmf/tex/generic/pgf/modules/pgfmoduleshapes.code.tex
File: pgfmoduleshapes.code.tex 2008/02/13  (rcs-revision 1.4)
\pgfnodeparttextbox=\box33
\toks@savedmacro=\toks30
)
(/usr/share/texmf/tex/generic/pgf/modules/pgfmoduleplot.code.tex
File: pgfmoduleplot.code.tex 2008/01/15  (rcs-revision 1.1)
\pgf@plotwrite=\write3
)
(/usr/share/texmf/tex/latex/pgf/compatibility/pgfcomp-version-0-65.sty
Package: pgfcomp-version-0-65 2007/07/03 v2.00 (rcs-revision 1.7)
\pgf@nodesepstart=\dimen146
\pgf@nodesepend=\dimen147
)
(/usr/share/texmf/tex/latex/pgf/compatibility/pgfcomp-version-1-18.sty
Package: pgfcomp-version-1-18 2007/07/23 v2.00 (rcs-revision 1.1)
))
(/usr/share/texmf/tex/latex/pgf/utilities/pgffor.sty
(/usr/share/texmf/tex/generic/pgf/utilities/pgffor.code.tex
Package: pgffor 2007/11/07 v2.00 (rcs-revision 1.8)
\pgffor@iter=\dimen148
\pgffor@skip=\dimen149
))
(/usr/share/texmf/tex/generic/pgf/frontendlayer/tikz/tikz.code.tex
Package: tikz 2008/02/13 v2.00 (rcs-revision 1.27)

(/usr/share/texmf/tex/generic/pgf/libraries/pgflibraryplothandlers.code.tex
File: pgflibraryplothandlers.code.tex 2007/03/09 v2.00 (rcs-revision 1.9)
\pgf@plot@mark@count=\count111
\pgfplotmarksize=\dimen150
)
\tikz@lastx=\dimen151
\tikz@lasty=\dimen152
\tikz@lastxsaved=\dimen153
\tikz@lastysaved=\dimen154
\tikzleveldistance=\dimen155
\tikzsiblingdistance=\dimen156
\tikz@figbox=\box34
\tikz@tempbox=\box35
\tikztreelevel=\count112
\tikznumberofchildren=\count113
\tikznumberofcurrentchild=\count114
\tikz@fig@count=\count115

(/usr/share/texmf/tex/generic/pgf/modules/pgfmodulematrix.code.tex
File: pgfmodulematrix.code.tex 2008/01/15  (rcs-revision 1.1)
\pgfmatrixcurrentrow=\count116
\pgfmatrixcurrentcolumn=\count117
\pgf@matrix@numberofcolumns=\count118
)
\tikz@expandcount=\count119

(/usr/share/texmf/tex/generic/pgf/frontendlayer/tikz/libraries/tikzlibrarytopat
hs.code.tex
File: tikzlibrarytopaths.code.tex 2008/01/09 v2.00 (rcs-revision 1.1)
))) (/usr/share/texmf/tex/latex/tikz-qtree/tikz-qtree.sty
(/usr/share/texmf/tex/latex/tikz-qtree/pgftree.sty
(/usr/share/texmf/tex/latex/tikz-qtree/pgfsubpic.sty
(/usr/share/texmf/tex/latex/tikz-qtree/pgfsubpic.tex
\pgf@subpicminx=\dimen157
\pgf@subpicminy=\dimen158
\pgf@subpicmaxx=\dimen159
\pgf@subpicmaxy=\dimen160
))
(/usr/share/texmf/tex/latex/tikz-qtree/pgftree.tex
\levelsep=\dimen161
\subtreesep=\dimen162
\pgftree@childx=\dimen163
\pgftree@savechildx=\dimen164
\pgftree@childy=\dimen165
\pgftree@savechildy=\dimen166
\pgftree@childi=\count120
\pgftree@savechildi=\count121
\pgf@subpic@hbox@children=\box36
\pgf@subpic@minx@children=\dimen167
\pgf@subpic@miny@children=\dimen168
\pgf@subpic@maxx@children=\dimen169
\pgf@subpic@maxy@children=\dimen170
\pgf@subpic@hbox@child=\box37
\pgf@subpic@minx@child=\dimen171
\pgf@subpic@miny@child=\dimen172
\pgf@subpic@maxx@child=\dimen173
\pgf@subpic@maxy@child=\dimen174
\pgftree@lastchildx=\dimen175
\pgftree@lastchildy=\dimen176
))
(/usr/share/texmf/tex/latex/tikz-qtree/tikz-qtree.tex
\@result=\toks31
\child@list=\toks32
\root@node=\toks33
))
(/usr/share/texmf/tex/generic/pgf/frontendlayer/tikz/libraries/tikzlibraryarrow
s.code.tex
File: tikzlibraryarrows.code.tex 2008/01/09 v2.00 (rcs-revision 1.1)

(/usr/share/texmf/tex/generic/pgf/libraries/pgflibraryarrows.code.tex
File: pgflibraryarrows.code.tex 2007/06/07 v2.00 (rcs-revision 1.7)
))
(/usr/share/texmf/tex/generic/pgf/frontendlayer/tikz/libraries/tikzlibraryautom
ata.code.tex
File: tikzlibraryautomata.code.tex 2008/02/14 v2.00 (rcs-revision 1.2)
)
(/usr/share/texmf/tex/generic/pgf/frontendlayer/tikz/libraries/tikzlibraryshape
s.code.tex
File: tikzlibraryshapes.code.tex 2008/01/09 v2.00 (rcs-revision 1.1)

(/usr/share/texmf/tex/generic/pgf/frontendlayer/tikz/libraries/tikzlibraryshape
s.geometric.code.tex
File: tikzlibraryshapes.geometric.code.tex 2008/01/09 v2.00 (rcs-revision 1.1)

(/usr/share/texmf/tex/generic/pgf/libraries/pgflibraryshapes.geometric.code.tex
File: pgflibraryshapes.geometric.code.tex 2008/02/01 v2.00 (rcs-revision 1.22)
))
(/usr/share/texmf/tex/generic/pgf/frontendlayer/tikz/libraries/tikzlibraryshape
s.misc.code.tex
File: tikzlibraryshapes.misc.code.tex 2008/01/09 v2.00 (rcs-revision 1.1)

(/usr/share/texmf/tex/generic/pgf/libraries/pgflibraryshapes.misc.code.tex
File: pgflibraryshapes.misc.code.tex 2008/02/12 v2.00 (rcs-revision 1.10)
))
(/usr/share/texmf/tex/generic/pgf/frontendlayer/tikz/libraries/tikzlibraryshape
s.symbols.code.tex
File: tikzlibraryshapes.symbols.code.tex 2008/01/09 v2.00 (rcs-revision 1.1)

(/usr/share/texmf/tex/generic/pgf/libraries/pgflibraryshapes.symbols.code.tex
File: pgflibraryshapes.symbols.code.tex 2008/01/30 v2.00 (rcs-revision 1.13)
))
(/usr/share/texmf/tex/generic/pgf/frontendlayer/tikz/libraries/tikzlibraryshape
s.arrows.code.tex
File: tikzlibraryshapes.arrows.code.tex 2008/01/09 v2.00 (rcs-revision 1.1)

(/usr/share/texmf/tex/generic/pgf/libraries/pgflibraryshapes.arrows.code.tex
File: pgflibraryshapes.arrows.code.tex 2007/11/10 v2.00 (rcs-revision 1.3)
))
(/usr/share/texmf/tex/generic/pgf/frontendlayer/tikz/libraries/tikzlibraryshape
s.callouts.code.tex
(/usr/share/texmf/tex/generic/pgf/libraries/pgflibraryshapes.callouts.code.tex)
)
(/usr/share/texmf/tex/generic/pgf/frontendlayer/tikz/libraries/tikzlibraryshape
s.multipart.code.tex
File: tikzlibraryshapes.multipart.code.tex 2008/01/09 v2.00 (rcs-revision 1.1)

(/usr/share/texmf/tex/generic/pgf/libraries/pgflibraryshapes.multipart.code.tex
File: pgflibraryshapes.multipart.code.tex 2008/01/15 v2.00 (rcs-revision 1.7)
\pgfnodepartlowerbox=\box38
\pgfnodepartsecondbox=\box39
\pgfnodepartthirdbox=\box40
\pgfnodepartfourthbox=\box41
)))
(/usr/share/texmf/tex/generic/pgf/frontendlayer/tikz/libraries/tikzlibraryposit
ioning.code.tex
File: tikzlibrarypositioning.code.tex 2008/02/12 v2.00 (rcs-revision 1.5)
)
(/usr/share/texmf/tex/generic/pgf/frontendlayer/tikz/libraries/tikzlibraryshado
ws.code.tex
File: tikzlibraryshadows.code.tex 2008/01/13 v2.00 (rcs-revision 1.3)

(/usr/share/texmf/tex/generic/pgf/frontendlayer/tikz/libraries/tikzlibraryfadin
gs.code.tex
File: tikzlibraryfadings.code.tex 2008/01/09 v2.00 (rcs-revision 1.1)

(/usr/share/texmf/tex/generic/pgf/libraries/pgflibraryfadings.code.tex
File: pgflibraryfadings.code.tex 2008/02/07 v2.00 (rcs-revision 1.3)
)))
(./finalproj_6830.aux)
\openout1 = `finalproj_6830.aux'.

LaTeX Font Info:    Checking defaults for OML/cmm/m/it on input line 35.
LaTeX Font Info:    ... okay on input line 35.
LaTeX Font Info:    Checking defaults for T1/cmr/m/n on input line 35.
LaTeX Font Info:    ... okay on input line 35.
LaTeX Font Info:    Checking defaults for OT1/cmr/m/n on input line 35.
LaTeX Font Info:    ... okay on input line 35.
LaTeX Font Info:    Checking defaults for OMS/cmsy/m/n on input line 35.
LaTeX Font Info:    ... okay on input line 35.
LaTeX Font Info:    Checking defaults for OMX/cmex/m/n on input line 35.
LaTeX Font Info:    ... okay on input line 35.
LaTeX Font Info:    Checking defaults for U/cmr/m/n on input line 35.
LaTeX Font Info:    ... okay on input line 35.
LaTeX Font Info:    Try loading font information for OT1+ppl on input line 35.
 (/usr/share/texmf-texlive/tex/latex/psnfss/ot1ppl.fd
File: ot1ppl.fd 2001/06/04 font definitions for OT1/ppl.
)
(/usr/share/texmf-texlive/tex/context/base/supp-pdf.mkii
[Loading MPS to PDF converter (version 2006.09.02).]
\scratchcounter=\count122
\scratchdimen=\dimen177
\scratchbox=\box42
\nofMPsegments=\count123
\nofMParguments=\count124
\everyMPshowfont=\toks34
\MPscratchCnt=\count125
\MPscratchDim=\dimen178
\MPnumerator=\count126
\everyMPtoPDFconversion=\toks35
)
LaTeX Font Info:    Try loading font information for U+msa on input line 38.
 (/usr/share/texmf-texlive/tex/latex/amsfonts/umsa.fd
File: umsa.fd 2009/06/22 v3.00 AMS symbols A
)
LaTeX Font Info:    Try loading font information for U+msb on input line 38.

(/usr/share/texmf-texlive/tex/latex/amsfonts/umsb.fd
File: umsb.fd 2009/06/22 v3.00 AMS symbols B
)
LaTeX Font Info:    Font shape `OT1/ppl/bx/n' in size <10> not available
(Font)              Font shape `OT1/ppl/b/n' tried instead on input line 40.

Underfull \hbox (badness 10000) in paragraph at lines 41--42

 []

LaTeX Font Info:    Font shape `OT1/ppl/bx/n' in size <14.4> not available
(Font)              Font shape `OT1/ppl/b/n' tried instead on input line 46.
(./intro.tex
LaTeX Font Info:    Font shape `OT1/ppl/bx/n' in size <10.95> not available
(Font)              Font shape `OT1/ppl/b/n' tried instead on input line 1.
LaTeX Font Info:    Try loading font information for OMS+ppl on input line 18.
 (/usr/share/texmf-texlive/tex/latex/psnfss/omsppl.fd
File: omsppl.fd 
)
LaTeX Font Info:    Font shape `OMS/ppl/m/n' in size <10.95> not available
(Font)              Font shape `OMS/cmsy/m/n' tried instead on input line 18.
 [1

{/var/lib/texmf/fonts/map/pdftex/updmap/pdftex.map}]) (./background.tex

LaTeX Warning: Reference `diag' on page 2 undefined on input line 41.

LaTeX Font Info:    Try loading font information for OT1+pcr on input line 49.
(/usr/share/texmf-texlive/tex/latex/psnfss/ot1pcr.fd
File: ot1pcr.fd 2001/06/04 font definitions for OT1/pcr.
)) [2] (./related.tex)
(./arch.tex
Missing character: There is no . in font nullfont!
Missing character: There is no 0 in font nullfont!
) (./track.tex [3]
LaTeX Font Info:    Font shape `OT1/ppl/bx/n' in size <12> not available
(Font)              Font shape `OT1/ppl/b/n' tried instead on input line 5.
 [4]

LaTeX Warning: Reference `disc' on page 5 undefined on input line 48.

[5]) (./visual.tex <interactive.png, id=43, 543.12pt x 497.13pt>
File: interactive.png Graphic file (type png)

<use interactive.png> <prov.png, id=44, 550.42pt x 410.26pt>
File: prov.png Graphic file (type png)
 <use prov.png>)
(./conclusion.tex) (./finalproj_6830.bbl [6 <./interactive.png (PNG copy)> <./p
rov.png (PNG copy)>]
Missing character: There is no â in font pplr7t!
Missing character: There is no ˆ in font pplr7t!
Missing character: There is no — in font pplr7t!
Missing character: There is no â in font pplri7t!
Missing character: There is no € in font pplri7t!
Missing character: There is no ™ in font pplri7t!
Missing character: There is no â in font pplri7t!
Missing character: There is no € in font pplri7t!
Missing character: There is no ™ in font pplri7t!
) [7] (./finalproj_6830.aux)

LaTeX Warning: There were undefined references.

 ) 
Here is how much of TeX's memory you used:
 10423 strings out of 495061
 193931 string characters out of 1182620
 270913 words of memory out of 3000000
 13304 multiletter control sequences out of 15000+50000
 28022 words of font info for 79 fonts, out of 3000000 for 9000
 28 hyphenation exceptions out of 8191
 47i,13n,69p,925b,804s stack positions out of 5000i,500n,10000p,200000b,50000s
{/usr/share/texmf-texlive/fonts/enc/dvips/base/8r.enc}</usr/share/texmf-texli
ve/fonts/type1/public/amsfonts/cm/cmmi10.pfb></usr/share/texmf-texlive/fonts/ty
pe1/public/amsfonts/cm/cmr10.pfb></usr/share/texmf-texlive/fonts/type1/public/a
msfonts/cm/cmsy10.pfb></usr/share/texmf-texlive/fonts/type1/urw/courier/ucrr8a.
pfb></usr/share/texmf-texlive/fonts/type1/urw/palatino/uplb8a.pfb></usr/share/t
exmf-texlive/fonts/type1/urw/palatino/uplr8a.pfb></usr/share/texmf-texlive/font
s/type1/urw/palatino/uplri8a.pfb>
Output written on finalproj_6830.pdf (7 pages, 240951 bytes).
PDF statistics:
 76 PDF objects out of 1000 (max. 8388607)
 0 named destinations out of 1000 (max. 500000)
 119 words of extra memory for PDF output out of 10000 (max. 10000000)

